JAX-SPICE vs VACASK Ring Oscillator Debug Comparison
================================================================================

✓ Loaded VACASK reference data
  Circuit: 9-stage ring oscillator
  Simulator: VACASK 0.3.1
================================================================================
Running JAX-SPICE with debug options
================================================================================

Circuit info:
  Nodes: 11 external
  Devices: 20
  Node names: ['0', '1', '2', '3', '4', '5', '6', '7', '8', '9']...

================================================================================
Running transient analysis (first 5ns)
================================================================================

============================================================
Reactive residual (Q values) at DC operating point:
============================================================
  Error computing charges: 'CircuitEngine' object has no attribute '_make_build_system'
============================================================


✓ Transient completed: 51 timesteps

================================================================================
Comparing DC Operating Point
================================================================================

DC voltages (signal nodes):
Node          JAX-SPICE   VACASK Ref         Diff    % Error
------------------------------------------------------------
1              0.600443     0.660600    -0.060157     -9.11%
2              0.600443     0.660600    -0.060157     -9.11%
3              0.600443     0.660600    -0.060157     -9.11%
4              0.600443     0.660600    -0.060157     -9.11%
5              0.600443     0.660600    -0.060157     -9.11%
6              0.600443     0.660600    -0.060157     -9.11%
7              0.600443     0.660600    -0.060157     -9.11%
8              0.600443     0.660600    -0.060157     -9.11%
9              0.600443     0.660600    -0.060157     -9.11%
vdd            1.200000     1.200000     0.000000      0.00%

RMS error (signal nodes): 0.060157V (9.11%)

================================================================================
Comparing Charges at DC
================================================================================

VACASK reference charges:
  Signal nodes: ~-2.285290e-13 C
  VDD: 4.415225e-12 C
  Note: All signal nodes at ~0.66V, vdd stores sum of gate capacitances

(JAX-SPICE charges were printed during DC computation above)

================================================================================
Comparing Transient Response
================================================================================

V(1) summary:
                           JAX-SPICE          VACASK     Match?
--------------------------------------------------------------
Initial DC (V)              0.600443        0.660597          ✗
Peak (V)                    0.600443        1.318727          ✗
Min (V)                     0.600443       -0.082665          ✗
Final (V)                   0.600443        0.905083          ✗

Voltage swing:
  JAX-SPICE: 0.000001V
  VACASK: 1.401392V

⚠️  WARNING: JAX-SPICE shows minimal voltage swing (<0.1V)
   Circuit does not appear to be oscillating!
   VACASK shows swing of 1.40V - this is the main discrepancy

Voltage at key times:
 Time (ns)   JAX-SPICE (V)      VACASK (V)     Diff (V)
------------------------------------------------------
     0.000        0.600443        0.660597    -0.060155
     1.000        0.600443        0.660323    -0.059880
     2.000        0.600443        0.180282     0.420161
     3.000        0.600443        0.001151     0.599292
     4.000        0.600443        1.195383    -0.594940
     5.000        0.600443        0.905083    -0.304640

================================================================================
Comparison Complete
================================================================================
